<?xml version="1.0" encoding="UTF-8"?>
<testsuite xmlns:xsi="http://www.w3.org/2001/XMLSchema-instance" xsi:noNamespaceSchemaLocation="https://maven.apache.org/surefire/maven-surefire-plugin/xsd/surefire-test-report.xsd" version="3.0.2" name="com.example.chatreactivo.ChatReactivoApplicationTests" time="5.248" tests="1" errors="0" skipped="0" failures="0">
  <properties>
[...]
</properties>
  <testcase name="contextLoads" classname="com.example.chatreactivo.ChatReactivoApplicationTests" time="0.062">
    <system-out><![CDATA[01:35:24.901 [main] INFO org.springframework.test.context.support.AnnotationConfigContextLoaderUtils -- Could not detect default configuration classes for test class [com.example.chatreactivo.ChatReactivoApplicationTests]: ChatReactivoApplicationTests does not declare any static, non-private, non-final, nested classes annotated with @Configuration.
01:35:25.073 [main] INFO org.springframework.boot.test.context.SpringBootTestContextBootstrapper -- Found @SpringBootConfiguration com.example.chatreactivo.ChatReactivoApplication for test class com.example.chatreactivo.ChatReactivoApplicationTests
01:35:25.340 [main] INFO org.springframework.boot.devtools.restart.RestartApplicationListener -- Restart disabled due to context in which it is running

  .   ____          _            __ _ _
 /\\ / ___'_ __ _ _(_)_ __  __ _ \ \ \ \
( ( )\___ | '_ | '_| | '_ \/ _` | \ \ \ \
 \\/  ___)| |_)| | | | | || (_| |  ) ) ) )
  '  |____| .__|_| |_|_| |_\__, | / / / /
 =========|_|==============|___/=/_/_/_/

 :: Spring Boot ::                (v3.5.7)

2025-11-06T01:35:25.772-05:00  INFO 13000 --- [chat-reactivo] [           main] c.e.c.ChatReactivoApplicationTests       : Starting ChatReactivoApplicationTests using Java 21.0.7 with PID 13000 (started by braya in C:\Users\braya\OneDrive\Desktop\chat reactivo)
2025-11-06T01:35:25.774-05:00  INFO 13000 --- [chat-reactivo] [           main] c.e.c.ChatReactivoApplicationTests       : No active profile set, falling back to 1 default profile: "default"
2025-11-06T01:35:26.670-05:00  INFO 13000 --- [chat-reactivo] [           main] .s.d.r.c.RepositoryConfigurationDelegate : Bootstrapping Spring Data R2DBC repositories in DEFAULT mode.
2025-11-06T01:35:26.835-05:00  INFO 13000 --- [chat-reactivo] [           main] .s.d.r.c.RepositoryConfigurationDelegate : Finished Spring Data repository scanning in 157 ms. Found 3 R2DBC repository interfaces.
2025-11-06T01:35:28.645-05:00 DEBUG 13000 --- [chat-reactivo] [actor-tcp-nio-1] io.r2dbc.postgresql.QUERY                : Executing query: SHOW TRANSACTION ISOLATION LEVEL
2025-11-06T01:35:28.660-05:00 DEBUG 13000 --- [chat-reactivo] [actor-tcp-nio-1] io.r2dbc.postgresql.QUERY                : Executing query: SELECT oid, * FROM pg_catalog.pg_type WHERE typname IN ('hstore','geometry','vector')
2025-11-06T01:35:28.729-05:00 DEBUG 13000 --- [chat-reactivo] [      Thread-34] io.r2dbc.postgresql.QUERY                : Executing query: CREATE TABLE IF NOT EXISTS usuarios ( id SERIAL PRIMARY KEY, nombre VARCHAR(100) NOT NULL, email VARCHAR(150) UNIQUE NOT NULL, avatar VARCHAR(255), activo BOOLEAN DEFAULT true, fecha_creacion TIMESTAMP DEFAULT CURRENT_TIMESTAMP, ultima_conexion TIMESTAMP )
2025-11-06T01:35:28.744-05:00 DEBUG 13000 --- [chat-reactivo] [actor-tcp-nio-1] io.r2dbc.postgresql.QUERY                : Executing query: CREATE TABLE IF NOT EXISTS salas ( id SERIAL PRIMARY KEY, nombre VARCHAR(100) NOT NULL, descripcion TEXT, creador_id INTEGER REFERENCES usuarios(id), publica BOOLEAN DEFAULT true, fecha_creacion TIMESTAMP DEFAULT CURRENT_TIMESTAMP )
2025-11-06T01:35:28.747-05:00 DEBUG 13000 --- [chat-reactivo] [actor-tcp-nio-1] io.r2dbc.postgresql.QUERY                : Executing query: CREATE TABLE IF NOT EXISTS mensajes ( id SERIAL PRIMARY KEY, sala_id INTEGER REFERENCES salas(id) ON DELETE CASCADE, usuario_id INTEGER REFERENCES usuarios(id), contenido TEXT NOT NULL, tipo VARCHAR(20) DEFAULT 'texto', fecha_envio TIMESTAMP DEFAULT CURRENT_TIMESTAMP, leido BOOLEAN DEFAULT false )
2025-11-06T01:35:28.750-05:00 DEBUG 13000 --- [chat-reactivo] [actor-tcp-nio-1] io.r2dbc.postgresql.QUERY                : Executing query: CREATE INDEX IF NOT EXISTS idx_mensajes_sala ON mensajes(sala_id)
2025-11-06T01:35:28.753-05:00 DEBUG 13000 --- [chat-reactivo] [actor-tcp-nio-1] io.r2dbc.postgresql.QUERY                : Executing query: CREATE INDEX IF NOT EXISTS idx_mensajes_usuario ON mensajes(usuario_id)
2025-11-06T01:35:28.755-05:00 DEBUG 13000 --- [chat-reactivo] [actor-tcp-nio-1] io.r2dbc.postgresql.QUERY                : Executing query: CREATE INDEX IF NOT EXISTS idx_mensajes_fecha ON mensajes(fecha_envio)
2025-11-06T01:35:28.757-05:00 DEBUG 13000 --- [chat-reactivo] [actor-tcp-nio-2] io.r2dbc.postgresql.QUERY                : Executing query: SHOW TRANSACTION ISOLATION LEVEL
2025-11-06T01:35:28.761-05:00 DEBUG 13000 --- [chat-reactivo] [actor-tcp-nio-2] io.r2dbc.postgresql.QUERY                : Executing query: SELECT oid, * FROM pg_catalog.pg_type WHERE typname IN ('hstore','geometry','vector')
2025-11-06T01:35:28.844-05:00 DEBUG 13000 --- [chat-reactivo] [actor-tcp-nio-3] io.r2dbc.postgresql.QUERY                : Executing query: SHOW TRANSACTION ISOLATION LEVEL
2025-11-06T01:35:28.847-05:00 DEBUG 13000 --- [chat-reactivo] [actor-tcp-nio-3] io.r2dbc.postgresql.QUERY                : Executing query: SELECT oid, * FROM pg_catalog.pg_type WHERE typname IN ('hstore','geometry','vector')
2025-11-06T01:35:28.934-05:00 DEBUG 13000 --- [chat-reactivo] [actor-tcp-nio-4] io.r2dbc.postgresql.QUERY                : Executing query: SHOW TRANSACTION ISOLATION LEVEL
2025-11-06T01:35:28.938-05:00 DEBUG 13000 --- [chat-reactivo] [actor-tcp-nio-4] io.r2dbc.postgresql.QUERY                : Executing query: SELECT oid, * FROM pg_catalog.pg_type WHERE typname IN ('hstore','geometry','vector')
2025-11-06T01:35:29.025-05:00 DEBUG 13000 --- [chat-reactivo] [actor-tcp-nio-5] io.r2dbc.postgresql.QUERY                : Executing query: SHOW TRANSACTION ISOLATION LEVEL
2025-11-06T01:35:29.028-05:00 DEBUG 13000 --- [chat-reactivo] [actor-tcp-nio-5] io.r2dbc.postgresql.QUERY                : Executing query: SELECT oid, * FROM pg_catalog.pg_type WHERE typname IN ('hstore','geometry','vector')
2025-11-06T01:35:29.109-05:00 DEBUG 13000 --- [chat-reactivo] [actor-tcp-nio-6] io.r2dbc.postgresql.QUERY                : Executing query: SHOW TRANSACTION ISOLATION LEVEL
2025-11-06T01:35:29.113-05:00 DEBUG 13000 --- [chat-reactivo] [actor-tcp-nio-6] io.r2dbc.postgresql.QUERY                : Executing query: SELECT oid, * FROM pg_catalog.pg_type WHERE typname IN ('hstore','geometry','vector')
2025-11-06T01:35:29.300-05:00 DEBUG 13000 --- [chat-reactivo] [actor-tcp-nio-7] io.r2dbc.postgresql.QUERY                : Executing query: SHOW TRANSACTION ISOLATION LEVEL
2025-11-06T01:35:29.303-05:00 DEBUG 13000 --- [chat-reactivo] [actor-tcp-nio-7] io.r2dbc.postgresql.QUERY                : Executing query: SELECT oid, * FROM pg_catalog.pg_type WHERE typname IN ('hstore','geometry','vector')
2025-11-06T01:35:29.389-05:00 DEBUG 13000 --- [chat-reactivo] [actor-tcp-nio-8] io.r2dbc.postgresql.QUERY                : Executing query: SHOW TRANSACTION ISOLATION LEVEL
2025-11-06T01:35:29.390-05:00 DEBUG 13000 --- [chat-reactivo] [actor-tcp-nio-8] io.r2dbc.postgresql.QUERY                : Executing query: SELECT oid, * FROM pg_catalog.pg_type WHERE typname IN ('hstore','geometry','vector')
2025-11-06T01:35:29.571-05:00 DEBUG 13000 --- [chat-reactivo] [actor-tcp-nio-9] io.r2dbc.postgresql.QUERY                : Executing query: SHOW TRANSACTION ISOLATION LEVEL
2025-11-06T01:35:29.573-05:00 DEBUG 13000 --- [chat-reactivo] [actor-tcp-nio-9] io.r2dbc.postgresql.QUERY                : Executing query: SELECT oid, * FROM pg_catalog.pg_type WHERE typname IN ('hstore','geometry','vector')
2025-11-06T01:35:29.646-05:00 DEBUG 13000 --- [chat-reactivo] [ctor-tcp-nio-10] io.r2dbc.postgresql.QUERY                : Executing query: SHOW TRANSACTION ISOLATION LEVEL
2025-11-06T01:35:29.648-05:00 DEBUG 13000 --- [chat-reactivo] [ctor-tcp-nio-10] io.r2dbc.postgresql.QUERY                : Executing query: SELECT oid, * FROM pg_catalog.pg_type WHERE typname IN ('hstore','geometry','vector')
2025-11-06T01:35:29.741-05:00 DEBUG 13000 --- [chat-reactivo] [      Thread-35] io.r2dbc.postgresql.QUERY                : Executing query: CREATE TABLE IF NOT EXISTS usuarios ( id SERIAL PRIMARY KEY, nombre VARCHAR(100) NOT NULL, email VARCHAR(150) UNIQUE NOT NULL, avatar VARCHAR(255), activo BOOLEAN DEFAULT true, fecha_creacion TIMESTAMP DEFAULT CURRENT_TIMESTAMP, ultima_conexion TIMESTAMP )
2025-11-06T01:35:29.747-05:00 DEBUG 13000 --- [chat-reactivo] [ctor-tcp-nio-10] io.r2dbc.postgresql.QUERY                : Executing query: CREATE TABLE IF NOT EXISTS salas ( id SERIAL PRIMARY KEY, nombre VARCHAR(100) NOT NULL, descripcion TEXT, creador_id INTEGER REFERENCES usuarios(id), publica BOOLEAN DEFAULT true, fecha_creacion TIMESTAMP DEFAULT CURRENT_TIMESTAMP )
2025-11-06T01:35:29.749-05:00 DEBUG 13000 --- [chat-reactivo] [ctor-tcp-nio-10] io.r2dbc.postgresql.QUERY                : Executing query: CREATE TABLE IF NOT EXISTS mensajes ( id SERIAL PRIMARY KEY, sala_id INTEGER REFERENCES salas(id) ON DELETE CASCADE, usuario_id INTEGER REFERENCES usuarios(id), contenido TEXT NOT NULL, tipo VARCHAR(20) DEFAULT 'texto', fecha_envio TIMESTAMP DEFAULT CURRENT_TIMESTAMP, leido BOOLEAN DEFAULT false )
2025-11-06T01:35:29.750-05:00 DEBUG 13000 --- [chat-reactivo] [ctor-tcp-nio-10] io.r2dbc.postgresql.QUERY                : Executing query: CREATE INDEX IF NOT EXISTS idx_mensajes_sala ON mensajes(sala_id)
2025-11-06T01:35:29.752-05:00 DEBUG 13000 --- [chat-reactivo] [ctor-tcp-nio-10] io.r2dbc.postgresql.QUERY                : Executing query: CREATE INDEX IF NOT EXISTS idx_mensajes_usuario ON mensajes(usuario_id)
2025-11-06T01:35:29.755-05:00 DEBUG 13000 --- [chat-reactivo] [ctor-tcp-nio-10] io.r2dbc.postgresql.QUERY                : Executing query: CREATE INDEX IF NOT EXISTS idx_mensajes_fecha ON mensajes(fecha_envio)
2025-11-06T01:35:29.827-05:00  INFO 13000 --- [chat-reactivo] [           main] c.e.c.ChatReactivoApplicationTests       : Started ChatReactivoApplicationTests in 4.503 seconds (process running for 5.962)
]]></system-out>
  </testcase>
</testsuite>